make all --print-data-base --no-builtin-variables --no-builtin-rules --question
make: *** No rule to make target 'all'.  Stop.

# GNU Make 4.3
# Built for x86_64-pc-linux-gnu
# Copyright (C) 1988-2020 Free Software Foundation, Inc.
# License GPLv3+: GNU GPL version 3 or later <http://gnu.org/licenses/gpl.html>
# This is free software: you are free to change and redistribute it.
# There is NO WARRANTY, to the extent permitted by law.

# Make data base, printed on Thu May 12 14:27:27 2022

# Variables

# environment
GDK_BACKEND = x11
# environment
LC_ALL = C
# environment
NO_AT_BRIDGE = 1
# environment
SNAP_INSTANCE_KEY = 
# environment
VSCODE_IPC_HOOK_EXTHOST = /run/user/1000/vscode-ipc-6bf1b79b-582b-4b03-9e61-e387267ad6ca.sock
# environment
LC_NAME = it_IT.UTF-8
# environment
LC_NUMERIC = it_IT.UTF-8
# environment
VSCODE_CWD = /home/alessioc
# environment
LC_ADDRESS = it_IT.UTF-8
# environment
GDM_LANG = it_IT.utf8
# default
MAKE_COMMAND := make
# environment
GTK3_MODULES = xapp-gtk3-module:xapp-gtk3-module
# automatic
@D = $(patsubst %/,%,$(dir $@))
# environment
SNAP_INSTANCE_NAME = code-insiders
# environment
GDK_PIXBUF_MODULEDIR = /snap/code-insiders/1000/usr/lib/x86_64-linux-gnu/gdk-pixbuf-2.0/2.10.0/loaders
# environment
VSCODE_HANDLES_UNCAUGHT_ERRORS = true
# default
.VARIABLES := 
# environment
PWD = /home/alessioc/Scrivania/CTF_h4ckus4t1
# automatic
%D = $(patsubst %/,%,$(dir $%))
# environment
LSCOLORS = Gxfxcxdxbxegedabagacad
# environment
MAIL = /var/spool/mail/alessioc
# environment
XDG_DATA_DIRS = /home/alessioc/.local/share/flatpak/exports/share:/var/lib/flatpak/exports/share:/usr/local/share:/usr/share:/var/lib/snapd/desktop:/usr/share
# environment
OLDPWD = /home/alessioc
# automatic
^D = $(patsubst %/,%,$(dir $^))
# environment
VSCODE_LOG_STACK = true
# automatic
%F = $(notdir $%)
# environment
VSCODE_CODE_CACHE_PATH = /home/alessioc/.config/Code - Insiders/CachedData/624bbc4fb966bfa34e9486e320a64a138ac337fd
# environment
XDG_SESSION_PATH = /org/freedesktop/DisplayManager/Session0
# environment
LANG = C
# environment
XAUTHORITY = /home/alessioc/.Xauthority
# default
.LOADED := 
# default
.INCLUDE_DIRS = /usr/include /usr/local/include /usr/include
# makefile
MAKEFLAGS = pqrR
# makefile
CURDIR := /home/alessioc/Scrivania/CTF_h4ckus4t1
# environment
VSCODE_PIPE_LOGGING = true
# environment
APPLICATION_INSIGHTS_NO_DIAGNOSTIC_CHANNEL = 1
# automatic
*D = $(patsubst %/,%,$(dir $*))
# environment
MFLAGS = -pqrR
# environment
SSH_AUTH_SOCK = /tmp/ssh-XXXXXXdrN2Kz/agent.3345
# default
.SHELLFLAGS := -c
# environment
XDG_CONFIG_DIRS = /etc/xdg
# automatic
+D = $(patsubst %/,%,$(dir $+))
# environment
XDG_SESSION_DESKTOP = xfce
# makefile
MAKEFILE_LIST := 
# environment
SNAP_REEXEC = 
# automatic
@F = $(notdir $@)
# environment
ZSH = /home/alessioc/.oh-my-zsh
# environment
VSCODE_VERBOSE_LOGGING = true
# environment
VSCODE_PID = 4694
# environment
XDG_SESSION_TYPE = x11
# automatic
?D = $(patsubst %/,%,$(dir $?))
# environment
BAMF_DESKTOP_FILE_HINT = /var/lib/snapd/desktop/applications/code-insiders_code-insiders.desktop
# environment
SESSION_MANAGER = local/alessio-x550ze:@/tmp/.ICE-unix/3294,unix/alessio-x550ze:/tmp/.ICE-unix/3294
# automatic
*F = $(notdir $*)
# environment
QT_QPA_PLATFORMTHEME = qt5ct
# environment
CHROME_DESKTOP = code-insiders-url-handler.desktop
# environment
DBUS_SESSION_BUS_ADDRESS = unix:path=/run/user/1000/bus
# automatic
<D = $(patsubst %/,%,$(dir $<))
# environment
VSCODE_NLS_CONFIG = {"locale":"it","availableLanguages":{"*":"it"},"_languagePackId":"edd95fe2637dfb670c0c498374f66f34.it","_translationsConfigFile":"/home/alessioc/.config/Code - Insiders/clp/edd95fe2637dfb670c0c498374f66f34.it/tcf.json","_cacheRoot":"/home/alessioc/.config/Code - Insiders/clp/edd95fe2637dfb670c0c498374f66f34.it","_resolvedLanguagePackCoreLocation":"/home/alessioc/.config/Code - Insiders/clp/edd95fe2637dfb670c0c498374f66f34.it/624bbc4fb966bfa34e9486e320a64a138ac337fd","_corruptedFile":"/home/alessioc/.config/Code - Insiders/clp/edd95fe2637dfb670c0c498374f66f34.it/corrupted.info","_languagePackSupport":true}
# default
MAKE_HOST := x86_64-pc-linux-gnu
# makefile
SHELL = /bin/sh
# default
MAKECMDGOALS := all
# environment
SHLVL = 1
# environment
MAKELEVEL := 0
# default
MAKE = $(MAKE_COMMAND)
# environment
SNAP_COOKIE = 5E624ARxMYhtZ3l-4b9Mcz8cbfWtrCn8v-pJ52mIrPYeoxwiMKyO
# environment
PATH = /home/alessioc/.local/bin:/home/alessioc/.local/bin:/usr/local/bin:/usr/bin:/bin:/usr/local/sbin:/usr/bin/site_perl:/usr/bin/vendor_perl:/usr/bin/core_perl:/var/lib/snapd/snap/bin
# default
MAKEFILES := 
# environment
LC_MONETARY = it_IT.UTF-8
# environment
MOTD_SHOWN = pam
# automatic
^F = $(notdir $^)
# environment
SNAP_USER_COMMON = /home/alessioc/snap/code-insiders/common
# environment
LC_TIME = it_IT.UTF-8
# environment
SNAP = /snap/code-insiders/1000
# environment
SNAP_REVISION = 1000
# environment
SNAP_REAL_HOME = /home/alessioc
# environment
VSCODE_LOG_NATIVE = false
# environment
LC_TELEPHONE = it_IT.UTF-8
# automatic
?F = $(notdir $?)
# environment
XDG_SEAT = seat0
# environment
XDG_CURRENT_DESKTOP = XFCE
# environment
LS_COLORS = 
# automatic
+F = $(notdir $+)
# environment
XDG_SEAT_PATH = /org/freedesktop/DisplayManager/Seat0
# environment
LESS = -R
# environment
DESKTOP_SESSION = xfce
# environment
ORIGINAL_XDG_CURRENT_DESKTOP = XFCE
# 'override' directive
GNUMAKEFLAGS := 
# environment
LOGNAME = alessioc
# environment
SNAP_ARCH = amd64
# environment
XDG_VTNR = 7
# makefile
.DEFAULT_GOAL := 
# environment
EDITOR = /usr/bin/nano
# environment
DISPLAY = :0.0
# environment
GTK_MODULES = canberra-gtk-module:canberra-gtk-module
# environment
USER = alessioc
# default
MAKE_VERSION := 4.3
# environment
DISABLE_WAYLAND = 1
# environment
SNAP_DATA = /var/snap/code-insiders/1000
# environment
SNAP_CONTEXT = 5E624ARxMYhtZ3l-4b9Mcz8cbfWtrCn8v-pJ52mIrPYeoxwiMKyO
# environment
LC_MEASUREMENT = it_IT.UTF-8
# environment
SSH_AGENT_PID = 3346
# environment
PAGER = less
# environment
_ = /usr/bin/make
# environment
LC_PAPER = it_IT.UTF-8
# environment
XDG_RUNTIME_DIR = /run/user/1000
# environment
GDK_PIXBUF_MODULE_FILE = /home/alessioc/snap/code-insiders/common/.cache/gdk-pixbuf-loaders.cache
# environment
XDG_SESSION_CLASS = user
# environment
VSCODE_AMD_ENTRYPOINT = vs/workbench/api/node/extensionHostProcess
# environment
GTK2_RC_FILES = /home/alessioc/.gtkrc-2.0
# environment
HOME = /home/alessioc
# environment
ELECTRON_RUN_AS_NODE = 1
# environment
VSCODE_IPC_HOOK = /run/user/1000/vscode-cfd6c705-1.68.0-insider-main.sock
# environment
SNAP_NAME = code-insiders
# environment
GSETTINGS_SCHEMA_DIR = /snap/code-insiders/1000/usr/share/glib-2.0/schemas
# environment
XDG_SESSION_ID = 2
# environment
PANEL_GDK_CORE_DEVICE_EVENTS = 0
# default
.RECIPEPREFIX := 
# automatic
<F = $(notdir $<)
# environment
SNAP_VERSION = 624bbc4f
# default
 
SUFFIXES := 
# environment
QT_AUTO_SCREEN_SCALE_FACTOR = 0
# environment
VSCODE_CLI = 1
# environment
ELECTRON_NO_ATTACH_CONSOLE = 1
# environment
SNAP_COMMON = /var/snap/code-insiders/common
# environment
XDG_GREETER_DATA_DIR = /var/lib/lightdm-data/alessioc
# default
.FEATURES := target-specific order-only second-expansion else-if shortest-stem undefine oneshell nocomment grouped-target extra-prereqs archives jobserver output-sync check-symlink guile load
# environment
SNAP_USER_DATA = /home/alessioc/snap/code-insiders/1000
# environment
XDG_MENU_PREFIX = xfce-
# environment
GDMSESSION = xfce
# environment
LC_IDENTIFICATION = it_IT.UTF-8
# environment
SNAP_LIBRARY_PATH = /var/lib/snapd/lib/gl:/var/lib/snapd/lib/gl32:/var/lib/snapd/void
# variable set hash-table stats:
# Load=132/1024=13%, Rehash=0, Collisions=10/159=6%

# Pattern-specific Variable Values

# No pattern-specific variable values.

# Directories

# . (device 2050, inode 54402556): 22 files, no impossibilities.

# 22 files, no impossibilities in 1 directories.

# Implicit Rules

# No implicit rules.

# Files

# Not a target:
Makefile:
#  Implicit rule search has been done.
#  File does not exist.
#  File has been updated.
#  Failed to be updated.

# Not a target:
.DEFAULT:
#  Implicit rule search has not been done.
#  Modification time never checked.
#  File has not been updated.

# Not a target:
all:
#  Command line target.
#  Implicit rule search has been done.
#  File does not exist.
#  File has not been updated.

# Not a target:
makefile:
#  Implicit rule search has been done.
#  File does not exist.
#  File has been updated.
#  Failed to be updated.

# Not a target:
GNUmakefile:
#  Implicit rule search has been done.
#  File does not exist.
#  File has been updated.
#  Failed to be updated.

# files hash-table stats:
# Load=6/1024=1%, Rehash=0, Collisions=0/15=0%
# VPATH Search Paths

# No 'vpath' search paths.

# No general ('VPATH' variable) search path.

# strcache buffers: 1 (0) / strings = 30 / storage = 270 B / avg = 9 B
# current buf: size = 8162 B / used = 270 B / count = 30 / avg = 9 B

# strcache performance: lookups = 33 / hit rate = 9%
# hash-table stats:
# Load=30/8192=0%, Rehash=0, Collisions=0/33=0%
# Finished Make data base on Thu May 12 14:27:27 2022

 
